c:\users\최유연\desktop\aquarium_server\aquarium_server\common\debug\common.pch
c:\users\최유연\desktop\aquarium_server\aquarium_server\common\debug\common.pdb
c:\users\최유연\desktop\aquarium_server\aquarium_server\common\debug\common.idb
c:\users\최유연\desktop\aquarium_server\aquarium_server\common\debug\pch.obj
c:\users\최유연\desktop\aquarium_server\aquarium_server\common\debug\common.obj
c:\users\최유연\desktop\aquarium_server\aquarium_server\common\debug\vcpkg.applocal.log
c:\users\최유연\desktop\aquarium_server\aquarium_server\common\s2c2s_common.cpp
c:\users\최유연\desktop\aquarium_server\aquarium_server\common\s2c2s_common.h
c:\users\최유연\desktop\aquarium_server\aquarium_server\common\s2c2s_proxy.cpp
c:\users\최유연\desktop\aquarium_server\aquarium_server\common\s2c2s_proxy.h
c:\users\최유연\desktop\aquarium_server\aquarium_server\common\s2c2s_stub.cpp
c:\users\최유연\desktop\aquarium_server\aquarium_server\common\s2c2s_stub.h
c:\users\최유연\desktop\aquarium_server\aquarium_server\debug\common.lib
c:\users\최유연\desktop\aquarium_server\aquarium_server\debug\common.pdb
c:\users\최유연\desktop\aquarium_server\aquarium_server\common\debug\common.tlog\cl.command.1.tlog
c:\users\최유연\desktop\aquarium_server\aquarium_server\common\debug\common.tlog\cl.read.1.tlog
c:\users\최유연\desktop\aquarium_server\aquarium_server\common\debug\common.tlog\cl.write.1.tlog
c:\users\최유연\desktop\aquarium_server\aquarium_server\common\debug\common.tlog\common.write.1u.tlog
c:\users\최유연\desktop\aquarium_server\aquarium_server\common\debug\common.tlog\custombuild.command.1.tlog
c:\users\최유연\desktop\aquarium_server\aquarium_server\common\debug\common.tlog\custombuild.read.1.tlog
c:\users\최유연\desktop\aquarium_server\aquarium_server\common\debug\common.tlog\custombuild.write.1.tlog
c:\users\최유연\desktop\aquarium_server\aquarium_server\common\debug\common.tlog\lib-link.read.1.tlog
c:\users\최유연\desktop\aquarium_server\aquarium_server\common\debug\common.tlog\lib-link.write.1.tlog
c:\users\최유연\desktop\aquarium_server\aquarium_server\common\debug\common.tlog\lib.command.1.tlog
